app/build/intermediates/manifest_merge_blame_file/debug/manifest-merger-blame-debug-report.txt
1<?xml version="1.0" encoding="utf-8"?>
2<manifest xmlns:android="http://schemas.android.com/apk/res/android"
3    package="com.example.criadorcores"
4    android:versionCode="1"
5    android:versionName="1.0" >
6
7    <uses-sdk
8        android:minSdkVersion="21"
8-->src\main\AndroidManifest.xml
9        android:targetSdkVersion="31" />
9-->src\main\AndroidManifest.xml
10
11    <application
11-->src\main\AndroidManifest.xml:5:5-37:19
12        android:allowBackup="true"
12-->src\main\AndroidManifest.xml:6:9-35
13        android:appComponentFactory="androidx.core.app.CoreComponentFactory"
13-->[androidx.core:core:1.7.0] AndroidManifest.xml:24:18-86
14        android:debuggable="true"
15        android:icon="@mipmap/ic_launcher"
15-->src\main\AndroidManifest.xml:7:9-43
16        android:label="MinhaPratica03"
16-->src\main\AndroidManifest.xml:8:9-39
17        android:roundIcon="@mipmap/ic_launcher_round"
17-->src\main\AndroidManifest.xml:9:9-54
18        android:supportsRtl="true"
18-->src\main\AndroidManifest.xml:10:9-35
19        android:testOnly="true"
20        android:theme="@style/Theme.CriadorCores" >
20-->src\main\AndroidManifest.xml:11:9-50
21        <activity
21-->src\main\AndroidManifest.xml:12:9-26:20
22            android:name="com.example.criadorcores.MainActivity"
22-->src\main\AndroidManifest.xml:13:13-41
23            android:exported="true" >
23-->src\main\AndroidManifest.xml:14:13-36
24            <intent-filter>
24-->src\main\AndroidManifest.xml:15:13-19:29
25                <action android:name="android.intent.action.MAIN" />
25-->src\main\AndroidManifest.xml:16:17-69
25-->src\main\AndroidManifest.xml:16:25-66
26
27                <category android:name="android.intent.category.LAUNCHER" />
27-->src\main\AndroidManifest.xml:18:17-77
27-->src\main\AndroidManifest.xml:18:27-74
28            </intent-filter>
29            <intent-filter>
29-->src\main\AndroidManifest.xml:21:13-24:29
30                <action android:name="CRIADOR" />
30-->src\main\AndroidManifest.xml:22:17-49
30-->src\main\AndroidManifest.xml:22:25-47
31
32                <category android:name="android.intent.category.DEFAULT" />
32-->src\main\AndroidManifest.xml:23:17-75
32-->src\main\AndroidManifest.xml:23:27-73
33            </intent-filter>
34        </activity>
35        <activity
35-->src\main\AndroidManifest.xml:28:9-36:20
36            android:name="com.example.criadorcores.SecondActivity"
36-->src\main\AndroidManifest.xml:29:13-67
37            android:exported="true" >
37-->src\main\AndroidManifest.xml:30:13-36
38            <intent-filter>
38-->src\main\AndroidManifest.xml:15:13-19:29
39                <action android:name="android.intent.action.MAIN" />
39-->src\main\AndroidManifest.xml:16:17-69
39-->src\main\AndroidManifest.xml:16:25-66
40
41                <category android:name="android.intent.category.LAUNCHER" />
41-->src\main\AndroidManifest.xml:18:17-77
41-->src\main\AndroidManifest.xml:18:27-74
42            </intent-filter>
43        </activity>
44    </application>
45
46</manifest>